<?xml version="1.0" encoding="UTF-8"?>
<testsuite xmlns:xsi="http://www.w3.org/2001/XMLSchema-instance" xsi:noNamespaceSchemaLocation="https://maven.apache.org/surefire/maven-surefire-plugin/xsd/surefire-test-report.xsd" name="FlightControlTest" time="0.191" tests="12" errors="0" skipped="0" failures="3">
  <properties>
    <property name="sun.desktop" value="windows"/>
    <property name="awt.toolkit" value="sun.awt.windows.WToolkit"/>
    <property name="java.specification.version" value="11"/>
    <property name="sun.cpu.isalist" value="amd64"/>
    <property name="sun.jnu.encoding" value="Cp1252"/>
    <property name="java.class.path" value="C:\Users\micha\NetBeansProjects\mooc-java-programming-ii\part11-Part11_10.FlightControl\target\test-classes;C:\Users\micha\NetBeansProjects\mooc-java-programming-ii\part11-Part11_10.FlightControl\target\classes;C:\Users\micha\.m2\repository\junit\junit\4.12\junit-4.12.jar;C:\Users\micha\.m2\repository\org\hamcrest\hamcrest-core\1.3\hamcrest-core-1.3.jar;C:\Users\micha\.m2\repository\fi\helsinki\cs\tmc\edu-test-utils\0.4.2\edu-test-utils-0.4.2.jar;"/>
    <property name="java.vm.vendor" value="AdoptOpenJDK"/>
    <property name="sun.arch.data.model" value="64"/>
    <property name="user.variant" value=""/>
    <property name="java.vendor.url" value="https://adoptopenjdk.net/"/>
    <property name="user.timezone" value="Europe/London"/>
    <property name="java.vm.specification.version" value="11"/>
    <property name="os.name" value="Windows 10"/>
    <property name="sun.java.launcher" value="SUN_STANDARD"/>
    <property name="user.country" value="GB"/>
    <property name="sun.boot.library.path" value="C:\Program Files\AdoptOpenJDK\jdk-11.0.11.9-hotspot\bin"/>
    <property name="sun.java.command" value="C:\Users\micha\AppData\Local\Temp\surefire4928490535697043954\surefirebooter17397844418025870863.jar C:\Users\micha\AppData\Local\Temp\surefire4928490535697043954 2021-08-13T16-41-48_452-jvmRun1 surefire2419367364731949154tmp surefire_08469527943740373711tmp"/>
    <property name="jdk.debug" value="release"/>
    <property name="test" value="FlightControlTest"/>
    <property name="surefire.test.class.path" value="C:\Users\micha\NetBeansProjects\mooc-java-programming-ii\part11-Part11_10.FlightControl\target\test-classes;C:\Users\micha\NetBeansProjects\mooc-java-programming-ii\part11-Part11_10.FlightControl\target\classes;C:\Users\micha\.m2\repository\junit\junit\4.12\junit-4.12.jar;C:\Users\micha\.m2\repository\org\hamcrest\hamcrest-core\1.3\hamcrest-core-1.3.jar;C:\Users\micha\.m2\repository\fi\helsinki\cs\tmc\edu-test-utils\0.4.2\edu-test-utils-0.4.2.jar;"/>
    <property name="sun.cpu.endian" value="little"/>
    <property name="user.home" value="C:\Users\micha"/>
    <property name="user.language" value="en"/>
    <property name="java.specification.vendor" value="Oracle Corporation"/>
    <property name="java.version.date" value="2021-04-20"/>
    <property name="java.home" value="C:\Program Files\AdoptOpenJDK\jdk-11.0.11.9-hotspot"/>
    <property name="file.separator" value="\"/>
    <property name="basedir" value="C:\Users\micha\NetBeansProjects\mooc-java-programming-ii\part11-Part11_10.FlightControl"/>
    <property name="java.vm.compressedOopsMode" value="Zero based"/>
    <property name="line.separator" value="&#10;"/>
    <property name="java.specification.name" value="Java Platform API Specification"/>
    <property name="java.vm.specification.vendor" value="Oracle Corporation"/>
    <property name="java.awt.graphicsenv" value="sun.awt.Win32GraphicsEnvironment"/>
    <property name="surefire.real.class.path" value="C:\Users\micha\AppData\Local\Temp\surefire4928490535697043954\surefirebooter17397844418025870863.jar"/>
    <property name="jdk.net.URLClassPath.disableClassPathURLCheck" value="true"/>
    <property name="user.script" value=""/>
    <property name="sun.management.compiler" value="HotSpot 64-Bit Tiered Compilers"/>
    <property name="java.runtime.version" value="11.0.11+9"/>
    <property name="user.name" value="micha"/>
    <property name="path.separator" value=";"/>
    <property name="os.version" value="10.0"/>
    <property name="java.runtime.name" value="OpenJDK Runtime Environment"/>
    <property name="file.encoding" value="UTF-8"/>
    <property name="java.vm.name" value="OpenJDK 64-Bit Server VM"/>
    <property name="java.vendor.version" value="AdoptOpenJDK-11.0.11+9"/>
    <property name="localRepository" value="C:\Users\micha\.m2\repository"/>
    <property name="java.vendor.url.bug" value="https://github.com/AdoptOpenJDK/openjdk-support/issues"/>
    <property name="java.io.tmpdir" value="C:\Users\micha\AppData\Local\Temp\"/>
    <property name="java.version" value="11.0.11"/>
    <property name="user.dir" value="C:\Users\micha\NetBeansProjects\mooc-java-programming-ii\part11-Part11_10.FlightControl"/>
    <property name="os.arch" value="amd64"/>
    <property name="java.vm.specification.name" value="Java Virtual Machine Specification"/>
    <property name="java.awt.printerjob" value="sun.awt.windows.WPrinterJob"/>
    <property name="sun.os.patch.level" value=""/>
    <property name="java.library.path" value="C:\Program Files\AdoptOpenJDK\jdk-11.0.11.9-hotspot\bin;C:\Windows\Sun\Java\bin;C:\Windows\system32;C:\Windows;C:\Program Files\AdoptOpenJDK\jdk-11.0.11.9-hotspot\bin;C:\Windows\system32;C:\Windows;C:\Windows\System32\Wbem;C:\Windows\System32\WindowsPowerShell\v1.0\;C:\Windows\System32\OpenSSH\;C:\Program Files (x86)\NVIDIA Corporation\PhysX\Common;C:\Program Files\NVIDIA Corporation\NVIDIA NvDLISR;C:\Users\micha\AppData\Local\Microsoft\WindowsApps;C:\Users\micha\AppData\Local\GitHubDesktop\bin;."/>
    <property name="java.vm.info" value="mixed mode"/>
    <property name="java.vendor" value="AdoptOpenJDK"/>
    <property name="java.vm.version" value="11.0.11+9"/>
    <property name="sun.io.unicode.encoding" value="UnicodeLittle"/>
    <property name="java.class.version" value="55.0"/>
  </properties>
  <testcase name="outputOnAddingFlight" classname="FlightControlTest" time="0.122"/>
  <testcase name="airplaneDetails1" classname="FlightControlTest" time="0"/>
  <testcase name="airplaneDetails2" classname="FlightControlTest" time="0.002"/>
  <testcase name="outputOnAddingPlane" classname="FlightControlTest" time="0.001"/>
  <testcase name="complicatedInput" classname="FlightControlTest" time="0.01">
    <failure message="Make sure that the prints of the program exactly match the example&#10;&#10;the user input was:&#10;1&#10;AY-123&#10;108&#10;1&#10;DE-213&#10;75&#10;1&#10;RU-999&#10;430&#10;2&#10;AY-123&#10;HEL&#10;TXL&#10;2&#10;AY-123&#10;JFK&#10;HEL&#10;2&#10;DE-213&#10;TXL&#10;BAL&#10;x&#10;2&#10;1&#10;3&#10;AY-123&#10;x&#10;&#10;the program should have printed the line &quot;AY-123 (108 capacity) (HEL-TXL)&quot; in the right place&#10;your program printed:&#10;&#10;Airport Asset Control&#10;--------------------&#10;&#10;Choose an action:&#10;[1] Add an airplane&#10;[2] Add a flight&#10;[x] Exit Airport Asset Control&#10;&gt; Give the airplane id: Give the airplane capacity: Choose an action:&#10;[1] Add an airplane&#10;[2] Add a flight&#10;[x] Exit Airport Asset Control&#10;&gt; Give the airplane id: Give the airplane capacity: Choose an action:&#10;[1] Add an airplane&#10;[2] Add a flight&#10;[x] Exit Airport Asset Control&#10;&gt; Give the airplane id: Give the airplane capacity: Choose an action:&#10;[1] Add an airplane&#10;[2] Add a flight&#10;[x] Exit Airport Asset Control&#10;&gt; Give the airplane id: Give the departure airport id: Give the target airport id: Choose an action:&#10;[1] Add an airplane&#10;[2] Add a flight&#10;[x] Exit Airport Asset Control&#10;&gt; Give the airplane id: Give the departure airport id: Give the target airport id: Choose an action:&#10;[1] Add an airplane&#10;[2] Add a flight&#10;[x] Exit Airport Asset Control&#10;&gt; Give the airplane id: Give the departure airport id: Give the target airport id: Choose an action:&#10;[1] Add an airplane&#10;[2] Add a flight&#10;[x] Exit Airport Asset Control&#10;&gt; &#10;Flight Control&#10;------------&#10;&#10;Choose an action:&#10;[1] Print airplanes&#10;[2] Print flights&#10;[3] Print airplane details&#10;[x] Quit&#10;&gt; DE-213 (75 capacity) (TXL-BAL)&#10;&#10;AY-123 (108 capacity) (JFK-HEL)&#10;&#10;Choose an action:&#10;[1] Print airplanes&#10;[2] Print flights&#10;[3] Print airplane details&#10;[x] Quit&#10;&gt; DE-213 (75 capacity)&#10;AY-123 (108 capacity)&#10;RU-999 (430 capacity)&#10;Choose an action:&#10;[1] Print airplanes&#10;[2] Print flights&#10;[3] Print airplane details&#10;[x] Quit&#10;&gt; Give the airplane id: AY-123 (108 capacity)&#10;&#10;Choose an action:&#10;[1] Print airplanes&#10;[2] Print flights&#10;[3] Print airplane details&#10;[x] Quit&#10;&gt; &#10;" type="java.lang.AssertionError">java.lang.AssertionError: 
Make sure that the prints of the program exactly match the example

the user input was:
1
AY-123
108
1
DE-213
75
1
RU-999
430
2
AY-123
HEL
TXL
2
AY-123
JFK
HEL
2
DE-213
TXL
BAL
x
2
1
3
AY-123
x

the program should have printed the line "AY-123 (108 capacity) (HEL-TXL)" in the right place
your program printed:

Airport Asset Control
--------------------

Choose an action:
[1] Add an airplane
[2] Add a flight
[x] Exit Airport Asset Control
> Give the airplane id: Give the airplane capacity: Choose an action:
[1] Add an airplane
[2] Add a flight
[x] Exit Airport Asset Control
> Give the airplane id: Give the airplane capacity: Choose an action:
[1] Add an airplane
[2] Add a flight
[x] Exit Airport Asset Control
> Give the airplane id: Give the airplane capacity: Choose an action:
[1] Add an airplane
[2] Add a flight
[x] Exit Airport Asset Control
> Give the airplane id: Give the departure airport id: Give the target airport id: Choose an action:
[1] Add an airplane
[2] Add a flight
[x] Exit Airport Asset Control
> Give the airplane id: Give the departure airport id: Give the target airport id: Choose an action:
[1] Add an airplane
[2] Add a flight
[x] Exit Airport Asset Control
> Give the airplane id: Give the departure airport id: Give the target airport id: Choose an action:
[1] Add an airplane
[2] Add a flight
[x] Exit Airport Asset Control
> 
Flight Control
------------

Choose an action:
[1] Print airplanes
[2] Print flights
[3] Print airplane details
[x] Quit
> DE-213 (75 capacity) (TXL-BAL)

AY-123 (108 capacity) (JFK-HEL)

Choose an action:
[1] Print airplanes
[2] Print flights
[3] Print airplane details
[x] Quit
> DE-213 (75 capacity)
AY-123 (108 capacity)
RU-999 (430 capacity)
Choose an action:
[1] Print airplanes
[2] Print flights
[3] Print airplane details
[x] Quit
> Give the airplane id: AY-123 (108 capacity)

Choose an action:
[1] Print airplanes
[2] Print flights
[3] Print airplane details
[x] Quit
> 

	at FlightControlTest.assertRight(FlightControlTest.java:413)
	at FlightControlTest.complicatedInput(FlightControlTest.java:385)
</failure>
  </testcase>
  <testcase name="ClassIsPublic" classname="FlightControlTest" time="0"/>
  <testcase name="printingAirplanes1" classname="FlightControlTest" time="0"/>
  <testcase name="printingAirplanes2" classname="FlightControlTest" time="0"/>
  <testcase name="printingFlights1" classname="FlightControlTest" time="0.001"/>
  <testcase name="printingFlights2" classname="FlightControlTest" time="0.002">
    <failure message="Make sure that the prints of the program exactly match the example&#10;&#10;the user input was:&#10;1&#10;AY-123&#10;108&#10;2&#10;AY-123&#10;HEL&#10;TXL&#10;2&#10;AY-123&#10;JFK&#10;HEL&#10;x&#10;2&#10;x&#10;&#10;the program should have printed the line &quot;AY-123 (108 capacity) (HEL-TXL)&quot; in the right place&#10;your program printed:&#10;&#10;Airport Asset Control&#10;--------------------&#10;&#10;Choose an action:&#10;[1] Add an airplane&#10;[2] Add a flight&#10;[x] Exit Airport Asset Control&#10;&gt; Give the airplane id: Give the airplane capacity: Choose an action:&#10;[1] Add an airplane&#10;[2] Add a flight&#10;[x] Exit Airport Asset Control&#10;&gt; Give the airplane id: Give the departure airport id: Give the target airport id: Choose an action:&#10;[1] Add an airplane&#10;[2] Add a flight&#10;[x] Exit Airport Asset Control&#10;&gt; Give the airplane id: Give the departure airport id: Give the target airport id: Choose an action:&#10;[1] Add an airplane&#10;[2] Add a flight&#10;[x] Exit Airport Asset Control&#10;&gt; &#10;Flight Control&#10;------------&#10;&#10;Choose an action:&#10;[1] Print airplanes&#10;[2] Print flights&#10;[3] Print airplane details&#10;[x] Quit&#10;&gt; AY-123 (108 capacity) (JFK-HEL)&#10;&#10;Choose an action:&#10;[1] Print airplanes&#10;[2] Print flights&#10;[3] Print airplane details&#10;[x] Quit&#10;&gt; &#10;" type="java.lang.AssertionError">java.lang.AssertionError: 
Make sure that the prints of the program exactly match the example

the user input was:
1
AY-123
108
2
AY-123
HEL
TXL
2
AY-123
JFK
HEL
x
2
x

the program should have printed the line "AY-123 (108 capacity) (HEL-TXL)" in the right place
your program printed:

Airport Asset Control
--------------------

Choose an action:
[1] Add an airplane
[2] Add a flight
[x] Exit Airport Asset Control
> Give the airplane id: Give the airplane capacity: Choose an action:
[1] Add an airplane
[2] Add a flight
[x] Exit Airport Asset Control
> Give the airplane id: Give the departure airport id: Give the target airport id: Choose an action:
[1] Add an airplane
[2] Add a flight
[x] Exit Airport Asset Control
> Give the airplane id: Give the departure airport id: Give the target airport id: Choose an action:
[1] Add an airplane
[2] Add a flight
[x] Exit Airport Asset Control
> 
Flight Control
------------

Choose an action:
[1] Print airplanes
[2] Print flights
[3] Print airplane details
[x] Quit
> AY-123 (108 capacity) (JFK-HEL)

Choose an action:
[1] Print airplanes
[2] Print flights
[3] Print airplane details
[x] Quit
> 

	at FlightControlTest.assertRight(FlightControlTest.java:413)
	at FlightControlTest.printingFlights2(FlightControlTest.java:241)
</failure>
  </testcase>
  <testcase name="printingFlights3" classname="FlightControlTest" time="0.002">
    <failure message="Make sure that the prints of the program exactly match the example&#10;&#10;the user input was:&#10;1&#10;AY-123&#10;108&#10;1&#10;DE-213&#10;75&#10;2&#10;AY-123&#10;HEL&#10;TXL&#10;2&#10;AY-123&#10;JFK&#10;HEL&#10;2&#10;DE-213&#10;TXL&#10;BAL&#10;x&#10;2&#10;x&#10;&#10;the program should have printed the line &quot;AY-123 (108 capacity) (HEL-TXL)&quot; in the right place&#10;your program printed:&#10;&#10;Airport Asset Control&#10;--------------------&#10;&#10;Choose an action:&#10;[1] Add an airplane&#10;[2] Add a flight&#10;[x] Exit Airport Asset Control&#10;&gt; Give the airplane id: Give the airplane capacity: Choose an action:&#10;[1] Add an airplane&#10;[2] Add a flight&#10;[x] Exit Airport Asset Control&#10;&gt; Give the airplane id: Give the airplane capacity: Choose an action:&#10;[1] Add an airplane&#10;[2] Add a flight&#10;[x] Exit Airport Asset Control&#10;&gt; Give the airplane id: Give the departure airport id: Give the target airport id: Choose an action:&#10;[1] Add an airplane&#10;[2] Add a flight&#10;[x] Exit Airport Asset Control&#10;&gt; Give the airplane id: Give the departure airport id: Give the target airport id: Choose an action:&#10;[1] Add an airplane&#10;[2] Add a flight&#10;[x] Exit Airport Asset Control&#10;&gt; Give the airplane id: Give the departure airport id: Give the target airport id: Choose an action:&#10;[1] Add an airplane&#10;[2] Add a flight&#10;[x] Exit Airport Asset Control&#10;&gt; &#10;Flight Control&#10;------------&#10;&#10;Choose an action:&#10;[1] Print airplanes&#10;[2] Print flights&#10;[3] Print airplane details&#10;[x] Quit&#10;&gt; DE-213 (75 capacity) (TXL-BAL)&#10;&#10;AY-123 (108 capacity) (JFK-HEL)&#10;&#10;Choose an action:&#10;[1] Print airplanes&#10;[2] Print flights&#10;[3] Print airplane details&#10;[x] Quit&#10;&gt; &#10;" type="java.lang.AssertionError">java.lang.AssertionError: 
Make sure that the prints of the program exactly match the example

the user input was:
1
AY-123
108
1
DE-213
75
2
AY-123
HEL
TXL
2
AY-123
JFK
HEL
2
DE-213
TXL
BAL
x
2
x

the program should have printed the line "AY-123 (108 capacity) (HEL-TXL)" in the right place
your program printed:

Airport Asset Control
--------------------

Choose an action:
[1] Add an airplane
[2] Add a flight
[x] Exit Airport Asset Control
> Give the airplane id: Give the airplane capacity: Choose an action:
[1] Add an airplane
[2] Add a flight
[x] Exit Airport Asset Control
> Give the airplane id: Give the airplane capacity: Choose an action:
[1] Add an airplane
[2] Add a flight
[x] Exit Airport Asset Control
> Give the airplane id: Give the departure airport id: Give the target airport id: Choose an action:
[1] Add an airplane
[2] Add a flight
[x] Exit Airport Asset Control
> Give the airplane id: Give the departure airport id: Give the target airport id: Choose an action:
[1] Add an airplane
[2] Add a flight
[x] Exit Airport Asset Control
> Give the airplane id: Give the departure airport id: Give the target airport id: Choose an action:
[1] Add an airplane
[2] Add a flight
[x] Exit Airport Asset Control
> 
Flight Control
------------

Choose an action:
[1] Print airplanes
[2] Print flights
[3] Print airplane details
[x] Quit
> DE-213 (75 capacity) (TXL-BAL)

AY-123 (108 capacity) (JFK-HEL)

Choose an action:
[1] Print airplanes
[2] Print flights
[3] Print airplane details
[x] Quit
> 

	at FlightControlTest.assertRight(FlightControlTest.java:413)
	at FlightControlTest.printingFlights3(FlightControlTest.java:277)
</failure>
  </testcase>
  <testcase name="printsMenusAndExits" classname="FlightControlTest" time="0"/>
</testsuite>