<?xml version="1.0" encoding="UTF-8"?>
<testsuite xmlns:xsi="http://www.w3.org/2001/XMLSchema-instance" xsi:noNamespaceSchemaLocation="https://maven.apache.org/surefire/maven-surefire-plugin/xsd/surefire-test-report.xsd" name="EmployeesTest" time="0.315" tests="30" errors="0" skipped="0" failures="1">
  <properties>
    <property name="sun.desktop" value="windows"/>
    <property name="awt.toolkit" value="sun.awt.windows.WToolkit"/>
    <property name="java.specification.version" value="11"/>
    <property name="sun.cpu.isalist" value="amd64"/>
    <property name="sun.jnu.encoding" value="Cp1252"/>
    <property name="java.class.path" value="C:\Users\micha\NetBeansProjects\mooc-java-programming-ii\part10-Part10_16.EnumAndIterator\target\test-classes;C:\Users\micha\NetBeansProjects\mooc-java-programming-ii\part10-Part10_16.EnumAndIterator\target\classes;C:\Users\micha\.m2\repository\junit\junit\4.12\junit-4.12.jar;C:\Users\micha\.m2\repository\org\hamcrest\hamcrest-core\1.3\hamcrest-core-1.3.jar;C:\Users\micha\.m2\repository\fi\helsinki\cs\tmc\edu-test-utils\0.4.2\edu-test-utils-0.4.2.jar;"/>
    <property name="java.vm.vendor" value="AdoptOpenJDK"/>
    <property name="sun.arch.data.model" value="64"/>
    <property name="user.variant" value=""/>
    <property name="java.vendor.url" value="https://adoptopenjdk.net/"/>
    <property name="user.timezone" value="Europe/London"/>
    <property name="java.vm.specification.version" value="11"/>
    <property name="os.name" value="Windows 10"/>
    <property name="sun.java.launcher" value="SUN_STANDARD"/>
    <property name="user.country" value="GB"/>
    <property name="sun.boot.library.path" value="C:\Program Files\AdoptOpenJDK\jdk-11.0.11.9-hotspot\bin"/>
    <property name="sun.java.command" value="C:\Users\micha\AppData\Local\Temp\surefire16451191500318819645\surefirebooter5421058065985612836.jar C:\Users\micha\AppData\Local\Temp\surefire16451191500318819645 2021-08-10T14-01-30_582-jvmRun1 surefire14057486649946106792tmp surefire_01482752894423473047tmp"/>
    <property name="jdk.debug" value="release"/>
    <property name="test" value="EmployeesTest"/>
    <property name="surefire.test.class.path" value="C:\Users\micha\NetBeansProjects\mooc-java-programming-ii\part10-Part10_16.EnumAndIterator\target\test-classes;C:\Users\micha\NetBeansProjects\mooc-java-programming-ii\part10-Part10_16.EnumAndIterator\target\classes;C:\Users\micha\.m2\repository\junit\junit\4.12\junit-4.12.jar;C:\Users\micha\.m2\repository\org\hamcrest\hamcrest-core\1.3\hamcrest-core-1.3.jar;C:\Users\micha\.m2\repository\fi\helsinki\cs\tmc\edu-test-utils\0.4.2\edu-test-utils-0.4.2.jar;"/>
    <property name="sun.cpu.endian" value="little"/>
    <property name="user.home" value="C:\Users\micha"/>
    <property name="user.language" value="en"/>
    <property name="java.specification.vendor" value="Oracle Corporation"/>
    <property name="java.version.date" value="2021-04-20"/>
    <property name="java.home" value="C:\Program Files\AdoptOpenJDK\jdk-11.0.11.9-hotspot"/>
    <property name="file.separator" value="\"/>
    <property name="basedir" value="C:\Users\micha\NetBeansProjects\mooc-java-programming-ii\part10-Part10_16.EnumAndIterator"/>
    <property name="java.vm.compressedOopsMode" value="Zero based"/>
    <property name="line.separator" value="&#10;"/>
    <property name="java.specification.name" value="Java Platform API Specification"/>
    <property name="java.vm.specification.vendor" value="Oracle Corporation"/>
    <property name="java.awt.graphicsenv" value="sun.awt.Win32GraphicsEnvironment"/>
    <property name="surefire.real.class.path" value="C:\Users\micha\AppData\Local\Temp\surefire16451191500318819645\surefirebooter5421058065985612836.jar"/>
    <property name="jdk.net.URLClassPath.disableClassPathURLCheck" value="true"/>
    <property name="user.script" value=""/>
    <property name="sun.management.compiler" value="HotSpot 64-Bit Tiered Compilers"/>
    <property name="java.runtime.version" value="11.0.11+9"/>
    <property name="user.name" value="micha"/>
    <property name="path.separator" value=";"/>
    <property name="os.version" value="10.0"/>
    <property name="java.runtime.name" value="OpenJDK Runtime Environment"/>
    <property name="file.encoding" value="UTF-8"/>
    <property name="java.vm.name" value="OpenJDK 64-Bit Server VM"/>
    <property name="java.vendor.version" value="AdoptOpenJDK-11.0.11+9"/>
    <property name="localRepository" value="C:\Users\micha\.m2\repository"/>
    <property name="java.vendor.url.bug" value="https://github.com/AdoptOpenJDK/openjdk-support/issues"/>
    <property name="java.io.tmpdir" value="C:\Users\micha\AppData\Local\Temp\"/>
    <property name="java.version" value="11.0.11"/>
    <property name="user.dir" value="C:\Users\micha\NetBeansProjects\mooc-java-programming-ii\part10-Part10_16.EnumAndIterator"/>
    <property name="os.arch" value="amd64"/>
    <property name="java.vm.specification.name" value="Java Virtual Machine Specification"/>
    <property name="java.awt.printerjob" value="sun.awt.windows.WPrinterJob"/>
    <property name="sun.os.patch.level" value=""/>
    <property name="java.library.path" value="C:\Program Files\AdoptOpenJDK\jdk-11.0.11.9-hotspot\bin;C:\Windows\Sun\Java\bin;C:\Windows\system32;C:\Windows;C:\Program Files\AdoptOpenJDK\jdk-11.0.11.9-hotspot\bin;C:\Windows\system32;C:\Windows;C:\Windows\System32\Wbem;C:\Windows\System32\WindowsPowerShell\v1.0\;C:\Windows\System32\OpenSSH\;C:\Program Files (x86)\NVIDIA Corporation\PhysX\Common;C:\Program Files\NVIDIA Corporation\NVIDIA NvDLISR;C:\Users\micha\AppData\Local\Microsoft\WindowsApps;C:\Users\micha\AppData\Local\GitHubDesktop\bin;."/>
    <property name="java.vm.info" value="mixed mode"/>
    <property name="java.vendor" value="AdoptOpenJDK"/>
    <property name="java.vm.version" value="11.0.11+9"/>
    <property name="sun.io.unicode.encoding" value="UnicodeLittle"/>
    <property name="java.class.version" value="55.0"/>
  </properties>
  <testcase name="hasMethodAddPerson" classname="EmployeesTest" time="0.033"/>
  <testcase name="firingWorks" classname="EmployeesTest" time="0.159"/>
  <testcase name="PersonnToString2" classname="EmployeesTest" time="0"/>
  <testcase name="hasMethodAddList" classname="EmployeesTest" time="0"/>
  <testcase name="filteredPrintingUsesIterator" classname="EmployeesTest" time="0.01"/>
  <testcase name="hasMethodPrint" classname="EmployeesTest" time="0"/>
  <testcase name="hasClassPerson" classname="EmployeesTest" time="0"/>
  <testcase name="hasEmployeesClass" classname="EmployeesTest" time="0.001"/>
  <testcase name="enumHasCorrectValues" classname="EmployeesTest" time="0"/>
  <testcase name="hasMethodFire" classname="EmployeesTest" time="0"/>
  <testcase name="printingUsesIterator" classname="EmployeesTest" time="0.004"/>
  <testcase name="filteredPrintingWorks" classname="EmployeesTest" time="0.011">
    <failure message="NoSuchElementException, in call print(PHD). Check education &#10;t = new Employees(); &#10;h = new Person(&quot;Arto&quot;, Education.PHD); &#10;t.add(h); t.print(Education.PHD); &#10;output should contain &quot;Arto, PHD&quot;&#10;" type="java.lang.AssertionError">java.lang.AssertionError: 
NoSuchElementException, in call print(PHD). Check education 
t = new Employees(); 
h = new Person("Arto", Education.PHD); 
t.add(h); t.print(Education.PHD); 
output should contain "Arto, PHD"

	at EmployeesTest.print(EmployeesTest.java:222)
	at EmployeesTest.filteredPrintingWorks(EmployeesTest.java:393)
</failure>
  </testcase>
  <testcase name="PersonHasCorrectObjectVariables" classname="EmployeesTest" time="0"/>
  <testcase name="PersonHasCorrectConstructor" classname="EmployeesTest" time="0"/>
  <testcase name="testGetEducation" classname="EmployeesTest" time="0.001"/>
  <testcase name="printingWorks1" classname="EmployeesTest" time="0.001"/>
  <testcase name="printingWorks2" classname="EmployeesTest" time="0"/>
  <testcase name="printingWorks3" classname="EmployeesTest" time="0.001"/>
  <testcase name="hasEnumEducation" classname="EmployeesTest" time="0"/>
  <testcase name="PersonToString" classname="EmployeesTest" time="0"/>
  <testcase name="employeesHasCorrectConstructor" classname="EmployeesTest" time="0"/>
  <testcase name="firingWorks2" classname="EmployeesTest" time="0.001"/>
  <testcase name="firingWorks3" classname="EmployeesTest" time="0.001"/>
  <testcase name="firingWorks4" classname="EmployeesTest" time="0.001"/>
  <testcase name="filteredPrintingWorks1b" classname="EmployeesTest" time="0.001"/>
  <testcase name="getEducationWorks" classname="EmployeesTest" time="0"/>
  <testcase name="hasMethodPrintEducation" classname="EmployeesTest" time="0.001"/>
  <testcase name="firingUsesIterator" classname="EmployeesTest" time="0.003"/>
  <testcase name="getEducationThrowsNoError" classname="EmployeesTest" time="0"/>
  <testcase name="noUnnecessaryObjectVariables" classname="EmployeesTest" time="0.001"/>
</testsuite>